<?xml version="1.0" encoding="UTF-8"?>
<testsuites name="New Test Suite" time="179.808" tests="1" failures="0" errors="0">
   <testsuite name="New Test Suite" tests="1" failures="0" errors="0" time="179.808" skipped="0" timestamp="2023-05-14 11:12:49" hostname="FLEX - DESKTOP-BL5DES4" id="Test Suites/New Test Suite">
      <properties>
         <property name="deviceName" value=""/>
         <property name="devicePlatform" value=""/>
         <property name="logFolder" value="C:\\Users\\FLEX\\git\\challenge-for-Jubelio\\Reports\\20230514_111246\\New Test Suite\\20230514_111247"/>
         <property name="logFiles" value="C:\\Users\\FLEX\\git\\challenge-for-Jubelio\\Reports\\20230514_111246\\New Test Suite\\20230514_111247\\execution0.log"/>
         <property name="attachments" value=""/>
         <property name="hostName" value="FLEX - DESKTOP-BL5DES4"/>
         <property name="os" value="Windows 10 64bit"/>
         <property name="katalonVersion" value="8.5.5.208"/>
         <property name="browser" value="Chrome 113.0.0.0"/>
         <property name="hostAddress" value="192.168.100.144"/>
         <property name="sessionId" value="c070c3cf918ddecdbd08fb37689f86df"/>
         <property name="seleniumVersion" value="3.141.59"/>
         <property name="proxyInformation" value="ProxyInformation { proxyOption=NO_PROXY, proxyServerType=HTTP, username=, password=********, proxyServerAddress=, proxyServerPort=0, executionList=&quot;&quot;, isApplyToDesiredCapabilities=true }"/>
         <property name="platform" value="Windows 10"/>
      </properties>
      <testcase name="Test Cases/Cucumber/Runner" time="179.493" classname="Test Cases/Cucumber/Runner" status="PASSED">
         <system-out><![CDATA[2023-05-14 11:12:50 - [TEST_CASE][PASSED] - Test Cases/Cucumber/Runner: Test Cases/Cucumber/Runner

2023-05-14 11:12:50 - [TEST_STEP][PASSED] - runWithCucumberRunner(Runner): Run with 'Runner' was passed

2023-05-14 11:12:50 - [MESSAGE][INFO] - Starting 'Chrome' driver

2023-05-14 11:12:51 - [MESSAGE][INFO] - Action delay is set to 0 milliseconds

2023-05-14 11:12:53 - [MESSAGE][PASSED] - Browser is opened with url: ''

2023-05-14 11:12:57 - [MESSAGE][PASSED] - Navigate to 'https://app.jubelio.com/login' successfully

2023-05-14 11:12:58 - [MESSAGE][PASSED] - Object 'Object Repository/Login_Page/img_jubelio' is visible

2023-05-14 11:12:59 - [MESSAGE][PASSED] - Text 'qa.rakamin.jubelio@gmail.com' is set on object 'Object Repository/Login_Page/input_email'

2023-05-14 11:13:01 - [MESSAGE][PASSED] - Text 'Jubelio123!' is set on object 'Object Repository/Login_Page/input_password'

2023-05-14 11:13:02 - [MESSAGE][PASSED] - Object: 'Object Repository/Login_page/button_masuk' is clicked on

2023-05-14 11:13:04 - [MESSAGE][PASSED] - Object 'Object Repository/Home_page/text_selamat_datang' is visible

2023-05-14 11:13:04 - [MESSAGE][WARNING] - A browser is already opened. Closing browser and opening a new one

2023-05-14 11:13:05 - [MESSAGE][INFO] - Starting 'Chrome' driver

2023-05-14 11:13:05 - [MESSAGE][INFO] - Action delay is set to 0 milliseconds

2023-05-14 11:13:06 - [MESSAGE][PASSED] - Browser is opened with url: ''

2023-05-14 11:13:08 - [MESSAGE][PASSED] - Navigate to 'https://app.jubelio.com/login' successfully

2023-05-14 11:13:09 - [MESSAGE][PASSED] - Object 'Object Repository/Login_Page/img_jubelio' is visible

2023-05-14 11:13:09 - [MESSAGE][PASSED] - Text 'farisanurdiani@gmail.com' is set on object 'Object Repository/Login_Page/input_email'

2023-05-14 11:13:10 - [MESSAGE][PASSED] - Text 'Jubelio123!' is set on object 'Object Repository/Login_Page/input_password'

2023-05-14 11:13:12 - [MESSAGE][PASSED] - Object: 'Object Repository/Login_page/button_masuk' is clicked on

2023-05-14 11:13:12 - [MESSAGE][PASSED] - Object 'Object Repository/Login_page/message_password_atau_email_salah' is visible

2023-05-14 11:13:13 - [MESSAGE][PASSED] - Object 'Object Repository/Login_page/img_jubelio' is visible

2023-05-14 11:13:13 - [MESSAGE][WARNING] - A browser is already opened. Closing browser and opening a new one

2023-05-14 11:13:13 - [MESSAGE][INFO] - Starting 'Chrome' driver

2023-05-14 11:13:13 - [MESSAGE][INFO] - Action delay is set to 0 milliseconds

2023-05-14 11:13:14 - [MESSAGE][PASSED] - Browser is opened with url: ''

2023-05-14 11:13:39 - [MESSAGE][PASSED] - Navigate to 'https://app.jubelio.com/login' successfully

2023-05-14 11:13:40 - [MESSAGE][PASSED] - Object 'Object Repository/Login_Page/img_jubelio' is visible

2023-05-14 11:13:41 - [MESSAGE][PASSED] - Text 'qa.rakamin.jubelio@gmail.com' is set on object 'Object Repository/Login_Page/input_email'

2023-05-14 11:13:42 - [MESSAGE][PASSED] - Text 'Jubelio12' is set on object 'Object Repository/Login_Page/input_password'

2023-05-14 11:13:43 - [MESSAGE][PASSED] - Object: 'Object Repository/Login_page/button_masuk' is clicked on

2023-05-14 11:13:45 - [MESSAGE][PASSED] - Object 'Object Repository/Login_page/message_password_atau_email_salah' is visible

2023-05-14 11:13:46 - [MESSAGE][PASSED] - Object 'Object Repository/Login_page/img_jubelio' is visible

2023-05-14 11:13:46 - [MESSAGE][WARNING] - A browser is already opened. Closing browser and opening a new one

2023-05-14 11:13:46 - [MESSAGE][INFO] - Starting 'Chrome' driver

2023-05-14 11:13:46 - [MESSAGE][INFO] - Action delay is set to 0 milliseconds

2023-05-14 11:13:47 - [MESSAGE][PASSED] - Browser is opened with url: ''

2023-05-14 11:14:14 - [MESSAGE][PASSED] - Navigate to 'https://app.jubelio.com/login' successfully

2023-05-14 11:14:15 - [MESSAGE][PASSED] - Object 'Object Repository/Login_Page/img_jubelio' is visible

2023-05-14 11:14:16 - [MESSAGE][PASSED] - Text 'qa.rakamin.jubelio@mail.com' is set on object 'Object Repository/Login_Page/input_email'

2023-05-14 11:14:17 - [MESSAGE][PASSED] - Text 'Jubelio123!' is set on object 'Object Repository/Login_Page/input_password'

2023-05-14 11:14:18 - [MESSAGE][PASSED] - Object: 'Object Repository/Login_page/button_masuk' is clicked on

2023-05-14 11:14:19 - [MESSAGE][PASSED] - Object 'Object Repository/Login_page/message_password_atau_email_salah' is visible

2023-05-14 11:14:19 - [MESSAGE][PASSED] - Object 'Object Repository/Login_page/img_jubelio' is visible

2023-05-14 11:14:19 - [MESSAGE][WARNING] - A browser is already opened. Closing browser and opening a new one

2023-05-14 11:14:20 - [MESSAGE][INFO] - Starting 'Chrome' driver

2023-05-14 11:14:20 - [MESSAGE][INFO] - Action delay is set to 0 milliseconds

2023-05-14 11:14:21 - [MESSAGE][PASSED] - Browser is opened with url: ''

2023-05-14 11:14:45 - [MESSAGE][PASSED] - Navigate to 'https://app.jubelio.com/login' successfully

2023-05-14 11:14:46 - [MESSAGE][PASSED] - Object 'Object Repository/Login_Page/img_jubelio' is visible

2023-05-14 11:14:47 - [MESSAGE][PASSED] - Text 'qa.rakamin.jubelio@gmail.com' is set on object 'Object Repository/Login_Page/input_email'

2023-05-14 11:14:48 - [MESSAGE][PASSED] - Text 'Jubelio123!' is set on object 'Object Repository/Login_Page/input_password'

2023-05-14 11:14:49 - [MESSAGE][PASSED] - Object: 'Object Repository/Login_page/button_masuk' is clicked on

2023-05-14 11:14:52 - [MESSAGE][PASSED] - Object 'Object Repository/Home_page/text_selamat_datang' is visible

2023-05-14 11:14:53 - [MESSAGE][PASSED] - Object: 'Object Repository/Home_page/button_akun' is clicked on

2023-05-14 11:15:12 - [MESSAGE][PASSED] - Object: 'Object Repository/Home_page/button_logout' is clicked on

2023-05-14 11:15:12 - [MESSAGE][PASSED] - Object 'Object Repository/Login_page/img_jubelio' is visible

2023-05-14 11:15:13 - [MESSAGE][PASSED] - Object 'Object Repository/Login_page/text_login' is visible

2023-05-14 11:15:13 - [MESSAGE][PASSED] - Browser is closed

2023-05-14 11:15:13 - [MESSAGE][INFO] - Starting 'Chrome' driver

2023-05-14 11:15:13 - [MESSAGE][INFO] - Action delay is set to 0 milliseconds

2023-05-14 11:15:14 - [MESSAGE][PASSED] - Browser is opened with url: ''

2023-05-14 11:15:20 - [MESSAGE][PASSED] - Navigate to 'https://app.jubelio.com/login' successfully

2023-05-14 11:15:21 - [MESSAGE][PASSED] - Object 'Object Repository/Login_Page/img_jubelio' is visible

2023-05-14 11:15:21 - [MESSAGE][PASSED] - Text 'qa.rakamin.jubelio@gmail.com' is set on object 'Object Repository/Login_Page/input_email'

2023-05-14 11:15:23 - [MESSAGE][PASSED] - Text 'Jubelio123!' is set on object 'Object Repository/Login_Page/input_password'

2023-05-14 11:15:24 - [MESSAGE][PASSED] - Object: 'Object Repository/Login_page/button_masuk' is clicked on

2023-05-14 11:15:29 - [MESSAGE][PASSED] - Object 'Object Repository/Home_page/text_selamat_datang' is visible

2023-05-14 11:15:29 - [MESSAGE][PASSED] - Object: 'Object Repository/Home_Page/span_barang' is clicked on

2023-05-14 11:15:30 - [MESSAGE][PASSED] - Object: 'Object Repository/Home_Page/span_persediaan' is clicked on

2023-05-14 11:15:31 - [MESSAGE][PASSED] - Object 'Object Repository/Home_Page_Persediaan/text_persediaan' is visible

2023-05-14 11:15:31 - [MESSAGE][PASSED] - Object: 'Object Repository/Home_Page_Persediaan/button_penyesuaian_persediaan' is clicked on

2023-05-14 11:15:36 - [MESSAGE][PASSED] - Object 'Object Repository/Page_Penyesuaian_Persediaan/text_penyesuaian_persediaan' is visible

2023-05-14 11:15:37 - [MESSAGE][PASSED] - Object: 'Object Repository/Page_Penyesuaian_Persediaan/span_harap_pilih' is double clicked on

2023-05-14 11:15:44 - [MESSAGE][PASSED] - Text '12949028' is set on object 'Object Repository/Page_Penyesuaian_Persediaan/input_sku'

2023-05-14 11:15:44 - [MESSAGE][PASSED] - Object 'Object Repository/Page_Penyesuaian_Persediaan/input_sku' is visible

2023-05-14 11:15:45 - [MESSAGE][PASSED] - Keys 'ENTER + ' sent to object: 'Object Repository/Page_Penyesuaian_Persediaan/input_sku'

2023-05-14 11:15:45 - [MESSAGE][PASSED] - Object: 'Object Repository/Page_Penyesuaian_Persediaan/field_quantity' is double clicked on

2023-05-14 11:15:46 - [MESSAGE][PASSED] - Text '20' is set on object 'Object Repository/Page_Penyesuaian_Persediaan/input_editor'

2023-05-14 11:15:46 - [MESSAGE][PASSED] - Current window maximized

2023-05-14 11:15:46 - [MESSAGE][WARNING] - Timeout '0' is invalid. Using default page load timeout: '30'

2023-05-14 11:15:47 - [MESSAGE][PASSED] - Scroll to object 'Object Repository/Page_Penyesuaian_Persediaan/button_simpan' successfully

2023-05-14 11:15:47 - [MESSAGE][PASSED] - Object: 'Object Repository/Page_Penyesuaian_Persediaan/button_simpan' is clicked on

2023-05-14 11:15:47 - [MESSAGE][WARNING] - Timeout '0' is invalid. Using default page load timeout: '30'

2023-05-14 11:15:48 - [MESSAGE][PASSED] - Object 'Object Repository/Home_Page_Persediaan/text_persediaan' is present

2023-05-14 11:15:49 - [MESSAGE][PASSED] - Browser is closed

2023-05-14 11:15:49 - [MESSAGE][PASSED] - Run with 'Runner' was passed]]></system-out>
         <system-err><![CDATA[]]></system-err>
      </testcase>
      <system-out><![CDATA[2023-05-14 11:12:49 - [TEST_SUITE][PASSED] - New Test Suite: Test Cases/Cucumber/Runner]]></system-out>
      <system-err><![CDATA[]]></system-err>
   </testsuite>
</testsuites>
