<?xml version="1.0" encoding="UTF-8"?>
<testsuites name="New Test Suite" time="109.324" tests="1" failures="0" errors="0">
   <testsuite name="New Test Suite" tests="1" failures="0" errors="0" time="109.324" skipped="0" timestamp="2023-05-14 11:27:14" hostname="FLEX - DESKTOP-BL5DES4" id="Test Suites/New Test Suite">
      <properties>
         <property name="deviceName" value=""/>
         <property name="devicePlatform" value=""/>
         <property name="logFolder" value="C:\\Users\\FLEX\\git\\challenge-for-Jubelio\\Reports\\20230514_112711\\New Test Suite\\20230514_112712"/>
         <property name="logFiles" value="C:\\Users\\FLEX\\git\\challenge-for-Jubelio\\Reports\\20230514_112711\\New Test Suite\\20230514_112712\\execution0.log"/>
         <property name="attachments" value=""/>
         <property name="hostName" value="FLEX - DESKTOP-BL5DES4"/>
         <property name="os" value="Windows 10 64bit"/>
         <property name="katalonVersion" value="8.5.5.208"/>
         <property name="browser" value="Chrome 113.0.0.0"/>
         <property name="hostAddress" value="192.168.100.144"/>
         <property name="sessionId" value="30db471565b2824d3a2dab8e37a6554e"/>
         <property name="seleniumVersion" value="3.141.59"/>
         <property name="proxyInformation" value="ProxyInformation { proxyOption=NO_PROXY, proxyServerType=HTTP, username=, password=********, proxyServerAddress=, proxyServerPort=0, executionList=&quot;&quot;, isApplyToDesiredCapabilities=true }"/>
         <property name="platform" value="Windows 10"/>
      </properties>
      <testcase name="Test Cases/Cucumber/Runner" time="109.086" classname="Test Cases/Cucumber/Runner" status="PASSED">
         <system-out><![CDATA[2023-05-14 11:27:14 - [TEST_CASE][PASSED] - Test Cases/Cucumber/Runner: Test Cases/Cucumber/Runner

2023-05-14 11:27:15 - [TEST_STEP][PASSED] - runWithCucumberRunner(Runner): Run with 'Runner' was passed

2023-05-14 11:27:15 - [MESSAGE][INFO] - Starting 'Chrome' driver

2023-05-14 11:27:15 - [MESSAGE][INFO] - Action delay is set to 0 milliseconds

2023-05-14 11:27:17 - [MESSAGE][PASSED] - Browser is opened with url: ''

2023-05-14 11:27:22 - [MESSAGE][PASSED] - Navigate to 'https://app.jubelio.com/login' successfully

2023-05-14 11:27:23 - [MESSAGE][PASSED] - Object 'Object Repository/Login_Page/img_jubelio' is visible

2023-05-14 11:27:24 - [MESSAGE][PASSED] - Text 'qa.rakamin.jubelio@gmail.com' is set on object 'Object Repository/Login_Page/input_email'

2023-05-14 11:27:25 - [MESSAGE][PASSED] - Text 'Jubelio123!' is set on object 'Object Repository/Login_Page/input_password'

2023-05-14 11:27:26 - [MESSAGE][PASSED] - Object: 'Object Repository/Login_page/button_masuk' is clicked on

2023-05-14 11:27:29 - [MESSAGE][PASSED] - Object 'Object Repository/Home_page/text_selamat_datang' is visible

2023-05-14 11:27:29 - [MESSAGE][WARNING] - A browser is already opened. Closing browser and opening a new one

2023-05-14 11:27:29 - [MESSAGE][INFO] - Starting 'Chrome' driver

2023-05-14 11:27:29 - [MESSAGE][INFO] - Action delay is set to 0 milliseconds

2023-05-14 11:27:31 - [MESSAGE][PASSED] - Browser is opened with url: ''

2023-05-14 11:27:36 - [MESSAGE][PASSED] - Navigate to 'https://app.jubelio.com/login' successfully

2023-05-14 11:27:37 - [MESSAGE][PASSED] - Object 'Object Repository/Login_Page/img_jubelio' is visible

2023-05-14 11:27:38 - [MESSAGE][PASSED] - Text 'farisanurdiani@gmail.com' is set on object 'Object Repository/Login_Page/input_email'

2023-05-14 11:27:39 - [MESSAGE][PASSED] - Text 'Jubelio123!' is set on object 'Object Repository/Login_Page/input_password'

2023-05-14 11:27:40 - [MESSAGE][PASSED] - Object: 'Object Repository/Login_page/button_masuk' is clicked on

2023-05-14 11:27:41 - [MESSAGE][PASSED] - Object 'Object Repository/Login_page/message_password_atau_email_salah' is visible

2023-05-14 11:27:42 - [MESSAGE][PASSED] - Object 'Object Repository/Login_page/img_jubelio' is visible

2023-05-14 11:27:42 - [MESSAGE][WARNING] - A browser is already opened. Closing browser and opening a new one

2023-05-14 11:27:43 - [MESSAGE][INFO] - Starting 'Chrome' driver

2023-05-14 11:27:43 - [MESSAGE][INFO] - Action delay is set to 0 milliseconds

2023-05-14 11:27:44 - [MESSAGE][PASSED] - Browser is opened with url: ''

2023-05-14 11:27:49 - [MESSAGE][PASSED] - Navigate to 'https://app.jubelio.com/login' successfully

2023-05-14 11:27:50 - [MESSAGE][PASSED] - Object 'Object Repository/Login_Page/img_jubelio' is visible

2023-05-14 11:27:51 - [MESSAGE][PASSED] - Text 'qa.rakamin.jubelio@gmail.com' is set on object 'Object Repository/Login_Page/input_email'

2023-05-14 11:27:52 - [MESSAGE][PASSED] - Text 'Jubelio12' is set on object 'Object Repository/Login_Page/input_password'

2023-05-14 11:27:53 - [MESSAGE][PASSED] - Object: 'Object Repository/Login_page/button_masuk' is clicked on

2023-05-14 11:27:54 - [MESSAGE][PASSED] - Object 'Object Repository/Login_page/message_password_atau_email_salah' is visible

2023-05-14 11:27:55 - [MESSAGE][PASSED] - Object 'Object Repository/Login_page/img_jubelio' is visible

2023-05-14 11:27:55 - [MESSAGE][WARNING] - A browser is already opened. Closing browser and opening a new one

2023-05-14 11:27:56 - [MESSAGE][INFO] - Starting 'Chrome' driver

2023-05-14 11:27:56 - [MESSAGE][INFO] - Action delay is set to 0 milliseconds

2023-05-14 11:27:57 - [MESSAGE][PASSED] - Browser is opened with url: ''

2023-05-14 11:28:03 - [MESSAGE][PASSED] - Navigate to 'https://app.jubelio.com/login' successfully

2023-05-14 11:28:04 - [MESSAGE][PASSED] - Object 'Object Repository/Login_Page/img_jubelio' is visible

2023-05-14 11:28:05 - [MESSAGE][PASSED] - Text 'qa.rakamin.jubelio@mail.com' is set on object 'Object Repository/Login_Page/input_email'

2023-05-14 11:28:06 - [MESSAGE][PASSED] - Text 'Jubelio123!' is set on object 'Object Repository/Login_Page/input_password'

2023-05-14 11:28:07 - [MESSAGE][PASSED] - Object: 'Object Repository/Login_page/button_masuk' is clicked on

2023-05-14 11:28:08 - [MESSAGE][PASSED] - Object 'Object Repository/Login_page/message_password_atau_email_salah' is visible

2023-05-14 11:28:08 - [MESSAGE][PASSED] - Object 'Object Repository/Login_page/img_jubelio' is visible

2023-05-14 11:28:08 - [MESSAGE][WARNING] - A browser is already opened. Closing browser and opening a new one

2023-05-14 11:28:09 - [MESSAGE][INFO] - Starting 'Chrome' driver

2023-05-14 11:28:09 - [MESSAGE][INFO] - Action delay is set to 0 milliseconds

2023-05-14 11:28:10 - [MESSAGE][PASSED] - Browser is opened with url: ''

2023-05-14 11:28:15 - [MESSAGE][PASSED] - Navigate to 'https://app.jubelio.com/login' successfully

2023-05-14 11:28:16 - [MESSAGE][PASSED] - Object 'Object Repository/Login_Page/img_jubelio' is visible

2023-05-14 11:28:17 - [MESSAGE][PASSED] - Text 'qa.rakamin.jubelio@gmail.com' is set on object 'Object Repository/Login_Page/input_email'

2023-05-14 11:28:18 - [MESSAGE][PASSED] - Text 'Jubelio123!' is set on object 'Object Repository/Login_Page/input_password'

2023-05-14 11:28:19 - [MESSAGE][PASSED] - Object: 'Object Repository/Login_page/button_masuk' is clicked on

2023-05-14 11:28:22 - [MESSAGE][PASSED] - Object 'Object Repository/Home_page/text_selamat_datang' is visible

2023-05-14 11:28:22 - [MESSAGE][PASSED] - Object: 'Object Repository/Home_page/button_akun' is clicked on

2023-05-14 11:28:35 - [MESSAGE][PASSED] - Object: 'Object Repository/Home_page/button_logout' is clicked on

2023-05-14 11:28:36 - [MESSAGE][PASSED] - Object 'Object Repository/Login_page/img_jubelio' is visible

2023-05-14 11:28:36 - [MESSAGE][PASSED] - Object 'Object Repository/Login_page/text_login' is visible

2023-05-14 11:28:37 - [MESSAGE][PASSED] - Browser is closed

2023-05-14 11:28:37 - [MESSAGE][INFO] - Starting 'Chrome' driver

2023-05-14 11:28:37 - [MESSAGE][INFO] - Action delay is set to 0 milliseconds

2023-05-14 11:28:38 - [MESSAGE][PASSED] - Browser is opened with url: ''

2023-05-14 11:28:43 - [MESSAGE][PASSED] - Navigate to 'https://app.jubelio.com/login' successfully

2023-05-14 11:28:43 - [MESSAGE][PASSED] - Object 'Object Repository/Login_Page/img_jubelio' is visible

2023-05-14 11:28:45 - [MESSAGE][PASSED] - Text 'qa.rakamin.jubelio@gmail.com' is set on object 'Object Repository/Login_Page/input_email'

2023-05-14 11:28:46 - [MESSAGE][PASSED] - Text 'Jubelio123!' is set on object 'Object Repository/Login_Page/input_password'

2023-05-14 11:28:47 - [MESSAGE][PASSED] - Object: 'Object Repository/Login_page/button_masuk' is clicked on

2023-05-14 11:28:50 - [MESSAGE][PASSED] - Object 'Object Repository/Home_page/text_selamat_datang' is visible

2023-05-14 11:28:50 - [MESSAGE][PASSED] - Object: 'Object Repository/Home_Page/span_barang' is clicked on

2023-05-14 11:28:51 - [MESSAGE][PASSED] - Object: 'Object Repository/Home_Page/span_persediaan' is clicked on

2023-05-14 11:28:52 - [MESSAGE][PASSED] - Object 'Object Repository/Home_Page_Persediaan/text_persediaan' is visible

2023-05-14 11:28:52 - [MESSAGE][PASSED] - Object: 'Object Repository/Home_Page_Persediaan/button_penyesuaian_persediaan' is clicked on

2023-05-14 11:28:53 - [MESSAGE][PASSED] - Object 'Object Repository/Page_Penyesuaian_Persediaan/text_penyesuaian_persediaan' is visible

2023-05-14 11:28:54 - [MESSAGE][PASSED] - Object: 'Object Repository/Page_Penyesuaian_Persediaan/span_harap_pilih' is double clicked on

2023-05-14 11:28:55 - [MESSAGE][PASSED] - Text '12949028' is set on object 'Object Repository/Page_Penyesuaian_Persediaan/input_sku'

2023-05-14 11:28:56 - [MESSAGE][PASSED] - Object 'Object Repository/Page_Penyesuaian_Persediaan/input_sku' is visible

2023-05-14 11:28:56 - [MESSAGE][PASSED] - Keys 'ENTER + ' sent to object: 'Object Repository/Page_Penyesuaian_Persediaan/input_sku'

2023-05-14 11:28:57 - [MESSAGE][PASSED] - Object: 'Object Repository/Page_Penyesuaian_Persediaan/field_quantity' is double clicked on

2023-05-14 11:28:58 - [MESSAGE][PASSED] - Text '20' is set on object 'Object Repository/Page_Penyesuaian_Persediaan/input_editor'

2023-05-14 11:28:58 - [MESSAGE][PASSED] - Current window maximized

2023-05-14 11:28:58 - [MESSAGE][WARNING] - Timeout '0' is invalid. Using default page load timeout: '30'

2023-05-14 11:28:58 - [MESSAGE][PASSED] - Scroll to object 'Object Repository/Page_Penyesuaian_Persediaan/button_simpan' successfully

2023-05-14 11:28:59 - [MESSAGE][PASSED] - Object: 'Object Repository/Page_Penyesuaian_Persediaan/button_simpan' is clicked on

2023-05-14 11:28:59 - [MESSAGE][WARNING] - Timeout '0' is invalid. Using default page load timeout: '30'

2023-05-14 11:29:03 - [MESSAGE][PASSED] - Object 'Object Repository/Home_Page_Persediaan/text_persediaan' is present

2023-05-14 11:29:03 - [MESSAGE][PASSED] - Run with 'Runner' was passed]]></system-out>
         <system-err><![CDATA[]]></system-err>
      </testcase>
      <system-out><![CDATA[2023-05-14 11:27:14 - [TEST_SUITE][PASSED] - New Test Suite: Test Cases/Cucumber/Runner]]></system-out>
      <system-err><![CDATA[]]></system-err>
   </testsuite>
</testsuites>
