<?xml version="1.0" encoding="UTF-8"?>
<testsuites name="New Test Suite" time="103.272" tests="1" failures="0" errors="0">
   <testsuite name="New Test Suite" tests="1" failures="0" errors="0" time="103.272" skipped="0" timestamp="2023-05-14 11:45:54" hostname="FLEX - DESKTOP-BL5DES4" id="Test Suites/New Test Suite">
      <properties>
         <property name="deviceName" value=""/>
         <property name="devicePlatform" value=""/>
         <property name="logFolder" value="C:\\Users\\FLEX\\git\\challenge-for-Jubelio\\Reports\\20230514_114552\\New Test Suite\\20230514_114552"/>
         <property name="logFiles" value="C:\\Users\\FLEX\\git\\challenge-for-Jubelio\\Reports\\20230514_114552\\New Test Suite\\20230514_114552\\execution0.log"/>
         <property name="attachments" value=""/>
         <property name="hostName" value="FLEX - DESKTOP-BL5DES4"/>
         <property name="os" value="Windows 10 64bit"/>
         <property name="katalonVersion" value="8.5.5.208"/>
         <property name="browser" value="Chrome 113.0.0.0"/>
         <property name="hostAddress" value="192.168.100.144"/>
         <property name="sessionId" value="35b4b3ef8af01b2a9382f82059dd1a21"/>
         <property name="seleniumVersion" value="3.141.59"/>
         <property name="proxyInformation" value="ProxyInformation { proxyOption=NO_PROXY, proxyServerType=HTTP, username=, password=********, proxyServerAddress=, proxyServerPort=0, executionList=&quot;&quot;, isApplyToDesiredCapabilities=true }"/>
         <property name="platform" value="Windows 10"/>
      </properties>
      <testcase name="Test Cases/Cucumber/Runner" time="103.012" classname="Test Cases/Cucumber/Runner" status="PASSED">
         <system-out><![CDATA[2023-05-14 11:45:54 - [TEST_CASE][PASSED] - Test Cases/Cucumber/Runner: Test Cases/Cucumber/Runner

2023-05-14 11:45:55 - [TEST_STEP][PASSED] - runWithCucumberRunner(Runner): Run with 'Runner' was passed

2023-05-14 11:45:55 - [MESSAGE][INFO] - Starting 'Chrome' driver

2023-05-14 11:45:55 - [MESSAGE][INFO] - Action delay is set to 0 milliseconds

2023-05-14 11:45:58 - [MESSAGE][PASSED] - Browser is opened with url: ''

2023-05-14 11:46:02 - [MESSAGE][PASSED] - Navigate to 'https://app.jubelio.com/login' successfully

2023-05-14 11:46:03 - [MESSAGE][PASSED] - Object 'Object Repository/Login_Page/img_jubelio' is visible

2023-05-14 11:46:04 - [MESSAGE][PASSED] - Text 'qa.rakamin.jubelio@gmail.com' is set on object 'Object Repository/Login_Page/input_email'

2023-05-14 11:46:06 - [MESSAGE][PASSED] - Text 'Jubelio123!' is set on object 'Object Repository/Login_Page/input_password'

2023-05-14 11:46:07 - [MESSAGE][PASSED] - Object: 'Object Repository/Login_page/button_masuk' is clicked on

2023-05-14 11:46:09 - [MESSAGE][PASSED] - Object 'Object Repository/Home_page/text_selamat_datang' is visible

2023-05-14 11:46:09 - [MESSAGE][WARNING] - A browser is already opened. Closing browser and opening a new one

2023-05-14 11:46:10 - [MESSAGE][INFO] - Starting 'Chrome' driver

2023-05-14 11:46:10 - [MESSAGE][INFO] - Action delay is set to 0 milliseconds

2023-05-14 11:46:11 - [MESSAGE][PASSED] - Browser is opened with url: ''

2023-05-14 11:46:16 - [MESSAGE][PASSED] - Navigate to 'https://app.jubelio.com/login' successfully

2023-05-14 11:46:17 - [MESSAGE][PASSED] - Object 'Object Repository/Login_Page/img_jubelio' is visible

2023-05-14 11:46:18 - [MESSAGE][PASSED] - Text 'farisanurdiani@gmail.com' is set on object 'Object Repository/Login_Page/input_email'

2023-05-14 11:46:19 - [MESSAGE][PASSED] - Text 'Jubelio123!' is set on object 'Object Repository/Login_Page/input_password'

2023-05-14 11:46:20 - [MESSAGE][PASSED] - Object: 'Object Repository/Login_page/button_masuk' is clicked on

2023-05-14 11:46:21 - [MESSAGE][PASSED] - Object 'Object Repository/Login_page/message_password_atau_email_salah' is visible

2023-05-14 11:46:21 - [MESSAGE][PASSED] - Object 'Object Repository/Login_page/img_jubelio' is visible

2023-05-14 11:46:21 - [MESSAGE][WARNING] - A browser is already opened. Closing browser and opening a new one

2023-05-14 11:46:22 - [MESSAGE][INFO] - Starting 'Chrome' driver

2023-05-14 11:46:22 - [MESSAGE][INFO] - Action delay is set to 0 milliseconds

2023-05-14 11:46:23 - [MESSAGE][PASSED] - Browser is opened with url: ''

2023-05-14 11:46:29 - [MESSAGE][PASSED] - Navigate to 'https://app.jubelio.com/login' successfully

2023-05-14 11:46:30 - [MESSAGE][PASSED] - Object 'Object Repository/Login_Page/img_jubelio' is visible

2023-05-14 11:46:30 - [MESSAGE][PASSED] - Text 'qa.rakamin.jubelio@gmail.com' is set on object 'Object Repository/Login_Page/input_email'

2023-05-14 11:46:32 - [MESSAGE][PASSED] - Text 'Jubelio12' is set on object 'Object Repository/Login_Page/input_password'

2023-05-14 11:46:33 - [MESSAGE][PASSED] - Object: 'Object Repository/Login_page/button_masuk' is clicked on

2023-05-14 11:46:34 - [MESSAGE][PASSED] - Object 'Object Repository/Login_page/message_password_atau_email_salah' is visible

2023-05-14 11:46:35 - [MESSAGE][PASSED] - Object 'Object Repository/Login_page/img_jubelio' is visible

2023-05-14 11:46:35 - [MESSAGE][WARNING] - A browser is already opened. Closing browser and opening a new one

2023-05-14 11:46:35 - [MESSAGE][INFO] - Starting 'Chrome' driver

2023-05-14 11:46:35 - [MESSAGE][INFO] - Action delay is set to 0 milliseconds

2023-05-14 11:46:37 - [MESSAGE][PASSED] - Browser is opened with url: ''

2023-05-14 11:46:47 - [MESSAGE][PASSED] - Navigate to 'https://app.jubelio.com/login' successfully

2023-05-14 11:46:48 - [MESSAGE][PASSED] - Object 'Object Repository/Login_Page/img_jubelio' is visible

2023-05-14 11:46:48 - [MESSAGE][PASSED] - Text 'qa.rakamin.jubelio@mail.com' is set on object 'Object Repository/Login_Page/input_email'

2023-05-14 11:46:50 - [MESSAGE][PASSED] - Text 'Jubelio123!' is set on object 'Object Repository/Login_Page/input_password'

2023-05-14 11:46:51 - [MESSAGE][PASSED] - Object: 'Object Repository/Login_page/button_masuk' is clicked on

2023-05-14 11:46:51 - [MESSAGE][PASSED] - Object 'Object Repository/Login_page/message_password_atau_email_salah' is visible

2023-05-14 11:46:52 - [MESSAGE][PASSED] - Object 'Object Repository/Login_page/img_jubelio' is visible

2023-05-14 11:46:52 - [MESSAGE][WARNING] - A browser is already opened. Closing browser and opening a new one

2023-05-14 11:46:52 - [MESSAGE][INFO] - Starting 'Chrome' driver

2023-05-14 11:46:52 - [MESSAGE][INFO] - Action delay is set to 0 milliseconds

2023-05-14 11:46:54 - [MESSAGE][PASSED] - Browser is opened with url: ''

2023-05-14 11:47:02 - [MESSAGE][PASSED] - Navigate to 'https://app.jubelio.com/login' successfully

2023-05-14 11:47:03 - [MESSAGE][PASSED] - Object 'Object Repository/Login_Page/img_jubelio' is visible

2023-05-14 11:47:04 - [MESSAGE][PASSED] - Text 'qa.rakamin.jubelio@gmail.com' is set on object 'Object Repository/Login_Page/input_email'

2023-05-14 11:47:05 - [MESSAGE][PASSED] - Text 'Jubelio123!' is set on object 'Object Repository/Login_Page/input_password'

2023-05-14 11:47:06 - [MESSAGE][PASSED] - Object: 'Object Repository/Login_page/button_masuk' is clicked on

2023-05-14 11:47:09 - [MESSAGE][PASSED] - Object 'Object Repository/Home_page/text_selamat_datang' is visible

2023-05-14 11:47:09 - [MESSAGE][PASSED] - Object: 'Object Repository/Home_page/button_akun' is clicked on

2023-05-14 11:47:13 - [MESSAGE][PASSED] - Object: 'Object Repository/Home_page/button_logout' is clicked on

2023-05-14 11:47:14 - [MESSAGE][PASSED] - Object 'Object Repository/Login_page/img_jubelio' is visible

2023-05-14 11:47:14 - [MESSAGE][PASSED] - Object 'Object Repository/Login_page/text_login' is visible

2023-05-14 11:47:15 - [MESSAGE][PASSED] - Browser is closed

2023-05-14 11:47:15 - [MESSAGE][INFO] - Starting 'Chrome' driver

2023-05-14 11:47:15 - [MESSAGE][INFO] - Action delay is set to 0 milliseconds

2023-05-14 11:47:16 - [MESSAGE][PASSED] - Browser is opened with url: ''

2023-05-14 11:47:20 - [MESSAGE][PASSED] - Navigate to 'https://app.jubelio.com/login' successfully

2023-05-14 11:47:21 - [MESSAGE][PASSED] - Object 'Object Repository/Login_Page/img_jubelio' is visible

2023-05-14 11:47:22 - [MESSAGE][PASSED] - Text 'qa.rakamin.jubelio@gmail.com' is set on object 'Object Repository/Login_Page/input_email'

2023-05-14 11:47:23 - [MESSAGE][PASSED] - Text 'Jubelio123!' is set on object 'Object Repository/Login_Page/input_password'

2023-05-14 11:47:25 - [MESSAGE][PASSED] - Object: 'Object Repository/Login_page/button_masuk' is clicked on

2023-05-14 11:47:27 - [MESSAGE][PASSED] - Object 'Object Repository/Home_page/text_selamat_datang' is visible

2023-05-14 11:47:28 - [MESSAGE][PASSED] - Object: 'Object Repository/Home_Page/span_barang' is clicked on

2023-05-14 11:47:28 - [MESSAGE][PASSED] - Object: 'Object Repository/Home_Page/span_persediaan' is clicked on

2023-05-14 11:47:29 - [MESSAGE][PASSED] - Object 'Object Repository/Home_Page_Persediaan/text_persediaan' is visible

2023-05-14 11:47:30 - [MESSAGE][PASSED] - Object: 'Object Repository/Home_Page_Persediaan/button_penyesuaian_persediaan' is clicked on

2023-05-14 11:47:30 - [MESSAGE][PASSED] - Object 'Object Repository/Page_Penyesuaian_Persediaan/text_penyesuaian_persediaan' is visible

2023-05-14 11:47:31 - [MESSAGE][PASSED] - Object: 'Object Repository/Page_Penyesuaian_Persediaan/span_harap_pilih' is double clicked on

2023-05-14 11:47:32 - [MESSAGE][PASSED] - Text '12949028' is set on object 'Object Repository/Page_Penyesuaian_Persediaan/input_sku'

2023-05-14 11:47:33 - [MESSAGE][PASSED] - Object 'Object Repository/Page_Penyesuaian_Persediaan/input_sku' is visible

2023-05-14 11:47:34 - [MESSAGE][PASSED] - Keys 'ENTER + ' sent to object: 'Object Repository/Page_Penyesuaian_Persediaan/input_sku'

2023-05-14 11:47:34 - [MESSAGE][PASSED] - Object: 'Object Repository/Page_Penyesuaian_Persediaan/field_quantity' is double clicked on

2023-05-14 11:47:35 - [MESSAGE][PASSED] - Text '20' is set on object 'Object Repository/Page_Penyesuaian_Persediaan/input_editor'

2023-05-14 11:47:35 - [MESSAGE][WARNING] - Timeout '0' is invalid. Using default page load timeout: '30'

2023-05-14 11:47:35 - [MESSAGE][PASSED] - Scroll to object 'Object Repository/Page_Penyesuaian_Persediaan/button_simpan' successfully

2023-05-14 11:47:36 - [MESSAGE][PASSED] - Object: 'Object Repository/Page_Penyesuaian_Persediaan/button_simpan' is clicked on

2023-05-14 11:47:36 - [MESSAGE][WARNING] - Timeout '0' is invalid. Using default page load timeout: '30'

2023-05-14 11:47:37 - [MESSAGE][PASSED] - Object 'Object Repository/Home_Page_Persediaan/text_persediaan' is present

2023-05-14 11:47:37 - [MESSAGE][PASSED] - Run with 'Runner' was passed]]></system-out>
         <system-err><![CDATA[]]></system-err>
      </testcase>
      <system-out><![CDATA[2023-05-14 11:45:54 - [TEST_SUITE][PASSED] - New Test Suite: Test Cases/Cucumber/Runner]]></system-out>
      <system-err><![CDATA[]]></system-err>
   </testsuite>
</testsuites>
