<?xml version="1.0" encoding="UTF-8"?>
<testsuites name="New Test Suite" time="118.716" tests="1" failures="0" errors="0">
   <testsuite name="New Test Suite" tests="1" failures="0" errors="0" time="118.716" skipped="0" timestamp="2023-05-14 11:24:45" hostname="FLEX - DESKTOP-BL5DES4" id="Test Suites/New Test Suite">
      <properties>
         <property name="deviceName" value=""/>
         <property name="devicePlatform" value=""/>
         <property name="logFolder" value="C:\\Users\\FLEX\\git\\challenge-for-Jubelio\\Reports\\20230514_112442\\New Test Suite\\20230514_112443"/>
         <property name="logFiles" value="C:\\Users\\FLEX\\git\\challenge-for-Jubelio\\Reports\\20230514_112442\\New Test Suite\\20230514_112443\\execution0.log"/>
         <property name="attachments" value=""/>
         <property name="hostName" value="FLEX - DESKTOP-BL5DES4"/>
         <property name="os" value="Windows 10 64bit"/>
         <property name="katalonVersion" value="8.5.5.208"/>
         <property name="browser" value="Chrome 113.0.0.0"/>
         <property name="hostAddress" value="192.168.100.144"/>
         <property name="sessionId" value="31a4c8c89b87386977d3d52b6c15a9d9"/>
         <property name="seleniumVersion" value="3.141.59"/>
         <property name="proxyInformation" value="ProxyInformation { proxyOption=NO_PROXY, proxyServerType=HTTP, username=, password=********, proxyServerAddress=, proxyServerPort=0, executionList=&quot;&quot;, isApplyToDesiredCapabilities=true }"/>
         <property name="platform" value="Windows 10"/>
      </properties>
      <testcase name="Test Cases/Cucumber/Runner" time="118.482" classname="Test Cases/Cucumber/Runner" status="PASSED">
         <system-out><![CDATA[2023-05-14 11:24:45 - [TEST_CASE][PASSED] - Test Cases/Cucumber/Runner: Test Cases/Cucumber/Runner

2023-05-14 11:24:46 - [TEST_STEP][PASSED] - runWithCucumberRunner(Runner): Run with 'Runner' was passed

2023-05-14 11:24:46 - [MESSAGE][INFO] - Starting 'Chrome' driver

2023-05-14 11:24:46 - [MESSAGE][INFO] - Action delay is set to 0 milliseconds

2023-05-14 11:24:49 - [MESSAGE][PASSED] - Browser is opened with url: ''

2023-05-14 11:24:54 - [MESSAGE][PASSED] - Navigate to 'https://app.jubelio.com/login' successfully

2023-05-14 11:24:55 - [MESSAGE][PASSED] - Object 'Object Repository/Login_Page/img_jubelio' is visible

2023-05-14 11:24:56 - [MESSAGE][PASSED] - Text 'qa.rakamin.jubelio@gmail.com' is set on object 'Object Repository/Login_Page/input_email'

2023-05-14 11:24:57 - [MESSAGE][PASSED] - Text 'Jubelio123!' is set on object 'Object Repository/Login_Page/input_password'

2023-05-14 11:24:58 - [MESSAGE][PASSED] - Object: 'Object Repository/Login_page/button_masuk' is clicked on

2023-05-14 11:25:01 - [MESSAGE][PASSED] - Object 'Object Repository/Home_page/text_selamat_datang' is visible

2023-05-14 11:25:01 - [MESSAGE][WARNING] - A browser is already opened. Closing browser and opening a new one

2023-05-14 11:25:01 - [MESSAGE][INFO] - Starting 'Chrome' driver

2023-05-14 11:25:01 - [MESSAGE][INFO] - Action delay is set to 0 milliseconds

2023-05-14 11:25:02 - [MESSAGE][PASSED] - Browser is opened with url: ''

2023-05-14 11:25:07 - [MESSAGE][PASSED] - Navigate to 'https://app.jubelio.com/login' successfully

2023-05-14 11:25:09 - [MESSAGE][PASSED] - Object 'Object Repository/Login_Page/img_jubelio' is visible

2023-05-14 11:25:09 - [MESSAGE][PASSED] - Text 'farisanurdiani@gmail.com' is set on object 'Object Repository/Login_Page/input_email'

2023-05-14 11:25:11 - [MESSAGE][PASSED] - Text 'Jubelio123!' is set on object 'Object Repository/Login_Page/input_password'

2023-05-14 11:25:12 - [MESSAGE][PASSED] - Object: 'Object Repository/Login_page/button_masuk' is clicked on

2023-05-14 11:25:12 - [MESSAGE][PASSED] - Object 'Object Repository/Login_page/message_password_atau_email_salah' is visible

2023-05-14 11:25:13 - [MESSAGE][PASSED] - Object 'Object Repository/Login_page/img_jubelio' is visible

2023-05-14 11:25:13 - [MESSAGE][WARNING] - A browser is already opened. Closing browser and opening a new one

2023-05-14 11:25:13 - [MESSAGE][INFO] - Starting 'Chrome' driver

2023-05-14 11:25:13 - [MESSAGE][INFO] - Action delay is set to 0 milliseconds

2023-05-14 11:25:15 - [MESSAGE][PASSED] - Browser is opened with url: ''

2023-05-14 11:25:20 - [MESSAGE][PASSED] - Navigate to 'https://app.jubelio.com/login' successfully

2023-05-14 11:25:21 - [MESSAGE][PASSED] - Object 'Object Repository/Login_Page/img_jubelio' is visible

2023-05-14 11:25:22 - [MESSAGE][PASSED] - Text 'qa.rakamin.jubelio@gmail.com' is set on object 'Object Repository/Login_Page/input_email'

2023-05-14 11:25:23 - [MESSAGE][PASSED] - Text 'Jubelio12' is set on object 'Object Repository/Login_Page/input_password'

2023-05-14 11:25:24 - [MESSAGE][PASSED] - Object: 'Object Repository/Login_page/button_masuk' is clicked on

2023-05-14 11:25:26 - [MESSAGE][PASSED] - Object 'Object Repository/Login_page/message_password_atau_email_salah' is visible

2023-05-14 11:25:26 - [MESSAGE][PASSED] - Object 'Object Repository/Login_page/img_jubelio' is visible

2023-05-14 11:25:26 - [MESSAGE][WARNING] - A browser is already opened. Closing browser and opening a new one

2023-05-14 11:25:27 - [MESSAGE][INFO] - Starting 'Chrome' driver

2023-05-14 11:25:27 - [MESSAGE][INFO] - Action delay is set to 0 milliseconds

2023-05-14 11:25:28 - [MESSAGE][PASSED] - Browser is opened with url: ''

2023-05-14 11:25:33 - [MESSAGE][PASSED] - Navigate to 'https://app.jubelio.com/login' successfully

2023-05-14 11:25:34 - [MESSAGE][PASSED] - Object 'Object Repository/Login_Page/img_jubelio' is visible

2023-05-14 11:25:34 - [MESSAGE][PASSED] - Text 'qa.rakamin.jubelio@mail.com' is set on object 'Object Repository/Login_Page/input_email'

2023-05-14 11:25:36 - [MESSAGE][PASSED] - Text 'Jubelio123!' is set on object 'Object Repository/Login_Page/input_password'

2023-05-14 11:25:37 - [MESSAGE][PASSED] - Object: 'Object Repository/Login_page/button_masuk' is clicked on

2023-05-14 11:25:38 - [MESSAGE][PASSED] - Object 'Object Repository/Login_page/message_password_atau_email_salah' is visible

2023-05-14 11:25:39 - [MESSAGE][PASSED] - Object 'Object Repository/Login_page/img_jubelio' is visible

2023-05-14 11:25:39 - [MESSAGE][WARNING] - A browser is already opened. Closing browser and opening a new one

2023-05-14 11:25:39 - [MESSAGE][INFO] - Starting 'Chrome' driver

2023-05-14 11:25:39 - [MESSAGE][INFO] - Action delay is set to 0 milliseconds

2023-05-14 11:25:41 - [MESSAGE][PASSED] - Browser is opened with url: ''

2023-05-14 11:25:49 - [MESSAGE][PASSED] - Navigate to 'https://app.jubelio.com/login' successfully

2023-05-14 11:25:50 - [MESSAGE][PASSED] - Object 'Object Repository/Login_Page/img_jubelio' is visible

2023-05-14 11:25:51 - [MESSAGE][PASSED] - Text 'qa.rakamin.jubelio@gmail.com' is set on object 'Object Repository/Login_Page/input_email'

2023-05-14 11:25:52 - [MESSAGE][PASSED] - Text 'Jubelio123!' is set on object 'Object Repository/Login_Page/input_password'

2023-05-14 11:25:53 - [MESSAGE][PASSED] - Object: 'Object Repository/Login_page/button_masuk' is clicked on

2023-05-14 11:25:56 - [MESSAGE][PASSED] - Object 'Object Repository/Home_page/text_selamat_datang' is visible

2023-05-14 11:25:56 - [MESSAGE][PASSED] - Object: 'Object Repository/Home_page/button_akun' is clicked on

2023-05-14 11:26:01 - [MESSAGE][PASSED] - Object: 'Object Repository/Home_page/button_logout' is clicked on

2023-05-14 11:26:02 - [MESSAGE][PASSED] - Object 'Object Repository/Login_page/img_jubelio' is visible

2023-05-14 11:26:02 - [MESSAGE][PASSED] - Object 'Object Repository/Login_page/text_login' is visible

2023-05-14 11:26:03 - [MESSAGE][PASSED] - Browser is closed

2023-05-14 11:26:03 - [MESSAGE][INFO] - Starting 'Chrome' driver

2023-05-14 11:26:03 - [MESSAGE][INFO] - Action delay is set to 0 milliseconds

2023-05-14 11:26:04 - [MESSAGE][PASSED] - Browser is opened with url: ''

2023-05-14 11:26:19 - [MESSAGE][PASSED] - Navigate to 'https://app.jubelio.com/login' successfully

2023-05-14 11:26:21 - [MESSAGE][PASSED] - Object 'Object Repository/Login_Page/img_jubelio' is visible

2023-05-14 11:26:21 - [MESSAGE][PASSED] - Text 'qa.rakamin.jubelio@gmail.com' is set on object 'Object Repository/Login_Page/input_email'

2023-05-14 11:26:22 - [MESSAGE][PASSED] - Text 'Jubelio123!' is set on object 'Object Repository/Login_Page/input_password'

2023-05-14 11:26:23 - [MESSAGE][PASSED] - Object: 'Object Repository/Login_page/button_masuk' is clicked on

2023-05-14 11:26:26 - [MESSAGE][PASSED] - Object 'Object Repository/Home_page/text_selamat_datang' is visible

2023-05-14 11:26:26 - [MESSAGE][PASSED] - Object: 'Object Repository/Home_Page/span_barang' is clicked on

2023-05-14 11:26:27 - [MESSAGE][PASSED] - Object: 'Object Repository/Home_Page/span_persediaan' is clicked on

2023-05-14 11:26:28 - [MESSAGE][PASSED] - Object 'Object Repository/Home_Page_Persediaan/text_persediaan' is visible

2023-05-14 11:26:28 - [MESSAGE][PASSED] - Object: 'Object Repository/Home_Page_Persediaan/button_penyesuaian_persediaan' is clicked on

2023-05-14 11:26:29 - [MESSAGE][PASSED] - Object 'Object Repository/Page_Penyesuaian_Persediaan/text_penyesuaian_persediaan' is visible

2023-05-14 11:26:30 - [MESSAGE][PASSED] - Object: 'Object Repository/Page_Penyesuaian_Persediaan/span_harap_pilih' is double clicked on

2023-05-14 11:26:31 - [MESSAGE][PASSED] - Text '12949028' is set on object 'Object Repository/Page_Penyesuaian_Persediaan/input_sku'

2023-05-14 11:26:32 - [MESSAGE][PASSED] - Object 'Object Repository/Page_Penyesuaian_Persediaan/input_sku' is visible

2023-05-14 11:26:32 - [MESSAGE][PASSED] - Keys 'ENTER + ' sent to object: 'Object Repository/Page_Penyesuaian_Persediaan/input_sku'

2023-05-14 11:26:33 - [MESSAGE][PASSED] - Object: 'Object Repository/Page_Penyesuaian_Persediaan/field_quantity' is double clicked on

2023-05-14 11:26:34 - [MESSAGE][PASSED] - Text '20' is set on object 'Object Repository/Page_Penyesuaian_Persediaan/input_editor'

2023-05-14 11:26:34 - [MESSAGE][PASSED] - Current window maximized

2023-05-14 11:26:34 - [MESSAGE][WARNING] - Timeout '0' is invalid. Using default page load timeout: '30'

2023-05-14 11:26:34 - [MESSAGE][PASSED] - Scroll to object 'Object Repository/Page_Penyesuaian_Persediaan/button_simpan' successfully

2023-05-14 11:26:35 - [MESSAGE][PASSED] - Object: 'Object Repository/Page_Penyesuaian_Persediaan/button_simpan' is clicked on

2023-05-14 11:26:35 - [MESSAGE][WARNING] - Timeout '0' is invalid. Using default page load timeout: '30'

2023-05-14 11:26:43 - [MESSAGE][PASSED] - Object 'Object Repository/Home_Page_Persediaan/text_persediaan' is present

2023-05-14 11:26:44 - [MESSAGE][PASSED] - Browser is closed

2023-05-14 11:26:44 - [MESSAGE][PASSED] - Run with 'Runner' was passed]]></system-out>
         <system-err><![CDATA[]]></system-err>
      </testcase>
      <system-out><![CDATA[2023-05-14 11:24:45 - [TEST_SUITE][PASSED] - New Test Suite: Test Cases/Cucumber/Runner]]></system-out>
      <system-err><![CDATA[]]></system-err>
   </testsuite>
</testsuites>
